---Nov 18 12:34:46: installing gettext-lib-0.18.3.2...
---Nov 18 12:34:47: installing libidn-1.28...
---Nov 18 12:34:47: installing heimdal-1.5.3nb5...
---Nov 18 12:34:50: installing curl-7.36.0...
---Nov 18 13:24:43: installing xmlcatmgr-2.2nb1...
---Nov 18 13:24:44: installing libffi-3.0.13...
---Nov 18 13:24:44: installing vim-share-7.4.141...
---Nov 18 13:24:47: installing python27-2.7.6nb3...
---Nov 18 13:24:57: installing pth-2.0.7nb3...
---Nov 18 13:24:57: installing libxml2-2.9.1nb1...
---Nov 18 13:24:58: installing vim-7.4.141...
---Nov 18 13:24:58: installing clang-3.4nb1...
---Nov 18 13:25:27: installing binutils-2.23.2...
---Nov 18 19:17:42: installing p5-Net-SSLeay-1.58...
---Nov 18 19:17:58: installing p5-Net-LibIDN-0.12nb5...
---Nov 18 19:17:58: installing p5-Net-IP-1.26nb1...
---Nov 18 19:17:58: installing p5-GSSAPI-0.28nb4...
---Nov 18 19:17:59: installing p5-Digest-HMAC-1.03nb3...
---Nov 18 19:17:59: installing p5-Net-DNS-0.72nb1...
---Nov 18 19:18:00: installing p5-TimeDate-2.30...
---Nov 18 19:18:01: installing p5-IO-Socket-SSL-1.967...
---Nov 18 19:18:01: installing perl-5.18.2nb1...
pkg_add: package `perl-5.18.2nb1' was already installed as dependency, now marked as installed manually
---Nov 18 19:18:01: installing p5-Net-SMTP-SSL-1.01nb4...
---Nov 18 19:18:02: installing p5-MailTools-2.12nb1...
---Nov 18 19:18:02: installing p5-Error-0.17021...
---Nov 18 19:18:03: installing p5-Email-Valid-1.192...
---Nov 18 19:18:03: installing p5-Authen-SASL-2.16nb1...
---Nov 18 19:18:03: installing expat-2.1.0...
---Nov 18 19:18:03: installing git-base-1.9.0...
---Nov 20 17:32:10: installing tcp_wrappers-7.6.4...
---Nov 20 17:32:11: installing openssh-6.6.1...
---Nov 20 17:35:40: installing bash-4.3...
---Nov 21 12:08:47: removing openssh-6.6.1...
---Nov 21 12:08:59: installing openssh-6.6.1...
